Performing C SOURCE FILE Test CMAKE_HAVE_LIBC_PTHREAD failed with the following output:
Change Dir: /home/georgia/Desktop/Hustle/CppND-Route-Planning-Project/CMakeFiles/CMakeTmp

Run Build Command(s):/usr/bin/make cmTC_cfd1a/fast && /usr/bin/make -f CMakeFiles/cmTC_cfd1a.dir/build.make CMakeFiles/cmTC_cfd1a.dir/build
make[1]: Entering directory '/home/georgia/Desktop/Hustle/CppND-Route-Planning-Project/CMakeFiles/CMakeTmp'
Building C object CMakeFiles/cmTC_cfd1a.dir/src.c.o
/usr/bin/cc   -DCMAKE_HAVE_LIBC_PTHREAD   -o CMakeFiles/cmTC_cfd1a.dir/src.c.o   -c /home/georgia/Desktop/Hustle/CppND-Route-Planning-Project/CMakeFiles/CMakeTmp/src.c
Linking C executable cmTC_cfd1a
/usr/local/bin/cmake -E cmake_link_script CMakeFiles/cmTC_cfd1a.dir/link.txt --verbose=1
/usr/bin/cc  -DCMAKE_HAVE_LIBC_PTHREAD    -rdynamic CMakeFiles/cmTC_cfd1a.dir/src.c.o  -o cmTC_cfd1a 
CMakeFiles/cmTC_cfd1a.dir/src.c.o: In function `main':
src.c:(.text+0x3e): undefined reference to `pthread_create'
src.c:(.text+0x4a): undefined reference to `pthread_detach'
src.c:(.text+0x5b): undefined reference to `pthread_join'
src.c:(.text+0x6f): undefined reference to `pthread_atfork'
collect2: error: ld returned 1 exit status
CMakeFiles/cmTC_cfd1a.dir/build.make:86: recipe for target 'cmTC_cfd1a' failed
make[1]: *** [cmTC_cfd1a] Error 1
make[1]: Leaving directory '/home/georgia/Desktop/Hustle/CppND-Route-Planning-Project/CMakeFiles/CMakeTmp'
Makefile:121: recipe for target 'cmTC_cfd1a/fast' failed
make: *** [cmTC_cfd1a/fast] Error 2


Source file was:
#include <pthread.h>

void* test_func(void* data)
{
  return data;
}

int main(void)
{
  pthread_t thread;
  pthread_create(&thread, NULL, test_func, NULL);
  pthread_detach(thread);
  pthread_join(thread, NULL);
  pthread_atfork(NULL, NULL, NULL);
  pthread_exit(NULL);

  return 0;
}

Determining if the function pthread_create exists in the pthreads failed with the following output:
Change Dir: /home/georgia/Desktop/Hustle/CppND-Route-Planning-Project/CMakeFiles/CMakeTmp

Run Build Command(s):/usr/bin/make cmTC_a97ef/fast && /usr/bin/make -f CMakeFiles/cmTC_a97ef.dir/build.make CMakeFiles/cmTC_a97ef.dir/build
make[1]: Entering directory '/home/georgia/Desktop/Hustle/CppND-Route-Planning-Project/CMakeFiles/CMakeTmp'
Building C object CMakeFiles/cmTC_a97ef.dir/CheckFunctionExists.c.o
/usr/bin/cc   -DCHECK_FUNCTION_EXISTS=pthread_create   -o CMakeFiles/cmTC_a97ef.dir/CheckFunctionExists.c.o   -c /usr/local/share/cmake-3.16/Modules/CheckFunctionExists.c
Linking C executable cmTC_a97ef
/usr/local/bin/cmake -E cmake_link_script CMakeFiles/cmTC_a97ef.dir/link.txt --verbose=1
/usr/bin/cc  -DCHECK_FUNCTION_EXISTS=pthread_create    -rdynamic CMakeFiles/cmTC_a97ef.dir/CheckFunctionExists.c.o  -o cmTC_a97ef  -lpthreads 
/usr/bin/ld: cannot find -lpthreads
collect2: error: ld returned 1 exit status
CMakeFiles/cmTC_a97ef.dir/build.make:86: recipe for target 'cmTC_a97ef' failed
make[1]: *** [cmTC_a97ef] Error 1
make[1]: Leaving directory '/home/georgia/Desktop/Hustle/CppND-Route-Planning-Project/CMakeFiles/CMakeTmp'
Makefile:121: recipe for target 'cmTC_a97ef/fast' failed
make: *** [cmTC_a97ef/fast] Error 2



